<?xml version="1.0" encoding="UTF-8"?>
<!-- Generated by org.testng.reporters.JUnitXMLReporter -->
<testsuite hostname="IN5CG8031V4V" ignored="0" name="Test" tests="2" failures="1" timestamp="2021-08-28T13:49:22 IST" time="16.044" errors="0">
  <testcase name="login" time="15.364" classname="Mavendemo.screentest">
    <failure type="java.lang.AssertionError" message="expected [true] but found [false]">
      <![CDATA[java.lang.AssertionError: expected [true] but found [false]
at Mavendemo.screentest.login(screentest.java:34)
at java.util.ArrayList.forEach(ArrayList.java:1259)
... Removed 35 stack frames]]>
    </failure>
  </testcase> <!-- login -->
  <testcase name="login1" time="0.001" classname="Mavendemo.screentest"/>
</testsuite> <!-- Test -->
