<?xml version="1.0" encoding="UTF-8"?>
<!-- Generated by org.testng.reporters.JUnitXMLReporter -->
<testsuite hostname="IN5CG8031V4V" ignored="3" name="Test" tests="3" failures="0" timestamp="2021-08-05T10:44:54 IST" time="0.071" errors="0">
  <testcase name="Mobilelogin" time="0.007" classname="Mavendemo.MobileTest"/>
  <testcase name="Weblogin" time="0.0" classname="Mavendemo.WebTest"/>
  <testcase name="APIlogin" time="0.001" classname="Mavendemo.APITest"/>
  <testcase name="Webpage" time="0.0" classname="Mavendemo.WebTest">
    <ignored/>
  </testcase> <!-- Webpage -->
  <testcase name="Mobilepage" time="0.0" classname="Mavendemo.MobileTest">
    <ignored/>
  </testcase> <!-- Mobilepage -->
  <testcase name="APIpage" time="0.0" classname="Mavendemo.APITest">
    <ignored/>
  </testcase> <!-- APIpage -->
</testsuite> <!-- Test -->
