<?xml version="1.0" encoding="UTF-8"?>
<testng-results skipped="0" failed="0" ignored="0" total="1" passed="1">
  <reporter-output>
  </reporter-output>
  <suite name="Suite" duration-ms="8111" started-at="2021-08-25T22:26:29 IST" finished-at="2021-08-25T22:26:37 IST">
    <groups>
    </groups>
    <test name="Test" duration-ms="8111" started-at="2021-08-25T22:26:29 IST" finished-at="2021-08-25T22:26:37 IST">
      <class name="Mavendemo.Login">
        <test-method status="PASS" signature="login(int,java.lang.String)[pri:0, instance:Mavendemo.Login@3d3e5463]" name="login" duration-ms="8009" started-at="2021-08-25T22:26:29 IST" data-provider="getData" finished-at="2021-08-25T22:26:37 IST">
          <params>
            <param index="0">
              <value>
                <![CDATA[3268522]]>
              </value>
            </param>
            <param index="1">
              <value>
                <![CDATA[metlife1]]>
              </value>
            </param>
          </params>
          <reporter-output>
          </reporter-output>
        </test-method> <!-- login -->
      </class> <!-- Mavendemo.Login -->
    </test> <!-- Test -->
  </suite> <!-- Suite -->
</testng-results>
