-------------------------------------------------------------------------------
Test set: TestSuite
-------------------------------------------------------------------------------
Tests run: 2, Failures: 1, Errors: 0, Skipped: 0, Time elapsed: 19.361 s <<< FAILURE! - in TestSuite
Mavendemo.screentest.login  Time elapsed: 16.017 s  <<< FAILURE!
java.lang.AssertionError: expected [true] but found [false]
	at Mavendemo.screentest.login(screentest.java:34)

