<?xml version="1.0" encoding="UTF-8"?>
<testng-results skipped="0" failed="0" ignored="0" total="1" passed="1">
  <reporter-output>
  </reporter-output>
  <suite name="Default suite" duration-ms="7883" started-at="2021-08-25T22:25:43 IST" finished-at="2021-08-25T22:25:51 IST">
    <groups>
    </groups>
    <test name="Default test" duration-ms="7883" started-at="2021-08-25T22:25:43 IST" finished-at="2021-08-25T22:25:51 IST">
      <class name="Mavendemo.Login">
        <test-method status="PASS" signature="login(int,java.lang.String)[pri:0, instance:Mavendemo.Login@40238dd0]" name="login" duration-ms="7797" started-at="2021-08-25T22:25:43 IST" data-provider="getData" finished-at="2021-08-25T22:25:51 IST">
          <params>
            <param index="0">
              <value>
                <![CDATA[3268522]]>
              </value>
            </param>
            <param index="1">
              <value>
                <![CDATA[metlife1]]>
              </value>
            </param>
          </params>
          <reporter-output>
          </reporter-output>
        </test-method> <!-- login -->
      </class> <!-- Mavendemo.Login -->
    </test> <!-- Default test -->
  </suite> <!-- Default suite -->
</testng-results>
